<?xml version="1.0" encoding="UTF-8"?>
<!-- Generated by org.testng.reporters.JUnitReportReporter -->
<testsuite hostname="DESKTOP-1TP3G9S" failures="0" tests="1" name="com.testcase.LoginTest" time="2.869" errors="0" timestamp="2023-09-12T09:34:08 IST" skipped="0">
  <testcase classname="com.testcase.LoginTest" name="test1" time="2.869"/>
  <system-out/>
</testsuite> <!-- com.testcase.LoginTest -->
